2026-05-17 00:08:26,484 [INFO] BaselineTraining - Starting baseline training on device=cpu
2026-05-17 00:08:26,484 [INFO] BaselineTraining - Output directory: C:\Users\pminh\Desktop\MyProject\AI_3D_Reconstruction_Systerm_TangDien02\project\results\bed_baseline
2026-05-17 00:08:26,830 [INFO] BaselineTraining - Dataset ready: mode=processed split=train categories=bed samples=128
2026-05-17 00:08:26,831 [INFO] BaselineTraining - Train samples: 102 | Val samples: 26
2026-05-17 00:08:38,248 [INFO] BaselineTraining - epoch=1 train_loss=0.029052 val_cd=0.013490 val_f=0.4423 best_val_chamfer_distance=0.013490
2026-05-17 00:08:52,071 [INFO] BaselineTraining - epoch=2 train_loss=0.014899 val_cd=0.013389 val_f=0.4361 best_val_chamfer_distance=0.013389
2026-05-17 00:09:04,878 [INFO] BaselineTraining - epoch=3 train_loss=0.014579 val_cd=0.012595 val_f=0.4454 best_val_chamfer_distance=0.012595
2026-05-17 00:09:16,911 [INFO] BaselineTraining - epoch=4 train_loss=0.014515 val_cd=0.012275 val_f=0.4748 best_val_chamfer_distance=0.012275
2026-05-17 00:09:30,888 [INFO] BaselineTraining - epoch=5 train_loss=0.014276 val_cd=0.012528 val_f=0.4847
2026-05-17 00:09:43,729 [INFO] BaselineTraining - epoch=6 train_loss=0.014178 val_cd=0.012993 val_f=0.4392
2026-05-17 00:09:56,927 [INFO] BaselineTraining - epoch=7 train_loss=0.014164 val_cd=0.012646 val_f=0.4635
2026-05-17 00:10:10,414 [INFO] BaselineTraining - epoch=8 train_loss=0.013981 val_cd=0.012383 val_f=0.4674
2026-05-17 00:10:24,177 [INFO] BaselineTraining - epoch=9 train_loss=0.013885 val_cd=0.011959 val_f=0.4915 best_val_chamfer_distance=0.011959
2026-05-17 00:10:36,247 [INFO] BaselineTraining - epoch=10 train_loss=0.013870 val_cd=0.012085 val_f=0.4726
2026-05-17 00:10:48,078 [INFO] BaselineTraining - epoch=11 train_loss=0.013486 val_cd=0.012005 val_f=0.4827
2026-05-17 00:10:59,951 [INFO] BaselineTraining - epoch=12 train_loss=0.013971 val_cd=0.012120 val_f=0.4746
2026-05-17 00:11:10,302 [INFO] BaselineTraining - epoch=13 train_loss=0.013623 val_cd=0.012001 val_f=0.4918
2026-05-17 00:11:23,379 [INFO] BaselineTraining - epoch=14 train_loss=0.013518 val_cd=0.012139 val_f=0.4887
2026-05-17 00:11:35,789 [INFO] BaselineTraining - epoch=15 train_loss=0.013608 val_cd=0.012030 val_f=0.4741
2026-05-17 00:11:48,243 [INFO] BaselineTraining - epoch=16 train_loss=0.013827 val_cd=0.012585 val_f=0.4550
2026-05-17 00:12:01,517 [INFO] BaselineTraining - epoch=17 train_loss=0.013520 val_cd=0.012246 val_f=0.4753
2026-05-17 00:12:15,096 [INFO] BaselineTraining - epoch=18 train_loss=0.013622 val_cd=0.011999 val_f=0.4842
2026-05-17 00:12:28,149 [INFO] BaselineTraining - epoch=19 train_loss=0.013407 val_cd=0.012143 val_f=0.4786
2026-05-17 00:12:41,370 [INFO] BaselineTraining - epoch=20 train_loss=0.013481 val_cd=0.012172 val_f=0.4588
2026-05-17 00:12:54,281 [INFO] BaselineTraining - epoch=21 train_loss=0.013232 val_cd=0.011547 val_f=0.4901 best_val_chamfer_distance=0.011547
2026-05-17 00:13:07,563 [INFO] BaselineTraining - epoch=22 train_loss=0.013144 val_cd=0.011747 val_f=0.4959
2026-05-17 00:13:20,540 [INFO] BaselineTraining - epoch=23 train_loss=0.013169 val_cd=0.011991 val_f=0.4762
2026-05-17 00:13:33,352 [INFO] BaselineTraining - epoch=24 train_loss=0.013286 val_cd=0.011585 val_f=0.4805
2026-05-17 00:13:46,245 [INFO] BaselineTraining - epoch=25 train_loss=0.013236 val_cd=0.012143 val_f=0.4852
2026-05-17 00:13:47,362 [INFO] BaselineTraining - Post-training evaluation on test split.
2026-05-17 00:13:52,918 [INFO] BaselineTraining - Post-training point cloud comparison on test split.
2026-05-17 00:13:53,862 [INFO] BaselineTraining - Saved metrics to C:\Users\pminh\Desktop\MyProject\AI_3D_Reconstruction_Systerm_TangDien02\project\results\bed_baseline\metrics\training_metrics.csv
2026-05-17 00:13:53,862 [INFO] BaselineTraining - Saved checkpoint to C:\Users\pminh\Desktop\MyProject\AI_3D_Reconstruction_Systerm_TangDien02\project\results\bed_baseline\outputs\checkpoints\transformer_pointcloud_net.pt
2026-05-17 00:13:53,863 [INFO] BaselineTraining - Saved epoch metrics table to C:\Users\pminh\Desktop\MyProject\AI_3D_Reconstruction_Systerm_TangDien02\project\results\bed_baseline\outputs\epoch_metrics_table.csv
2026-05-17 00:13:53,863 [INFO] BaselineTraining - Saved best checkpoint to C:\Users\pminh\Desktop\MyProject\AI_3D_Reconstruction_Systerm_TangDien02\project\results\bed_baseline\outputs\checkpoints\best_model.pt (epoch=21, val_chamfer_distance=0.011547)
2026-05-17 00:13:53,863 [INFO] BaselineTraining - Saved summary to C:\Users\pminh\Desktop\MyProject\AI_3D_Reconstruction_Systerm_TangDien02\project\results\bed_baseline\outputs\baseline_summary.json
2026-05-17 00:13:53,863 [INFO] BaselineTraining - Saved training curves to C:\Users\pminh\Desktop\MyProject\AI_3D_Reconstruction_Systerm_TangDien02\project\results\bed_baseline\outputs\training_curves.png
2026-05-17 00:24:27,180 [INFO] BaselineTraining - Starting baseline training on device=cpu
2026-05-17 00:24:27,180 [INFO] BaselineTraining - Output directory: C:\Users\pminh\Desktop\MyProject\AI_3D_Reconstruction_Systerm_TangDien02\project\results\bed_baseline
2026-05-17 00:24:27,479 [INFO] BaselineTraining - Dataset ready: mode=processed split=train categories=bed samples=512
2026-05-17 00:24:27,480 [INFO] BaselineTraining - Train samples: 409 | Val samples: 103
2026-05-17 00:24:29,411 [INFO] BaselineTraining - Resuming from C:\Users\pminh\Desktop\MyProject\AI_3D_Reconstruction_Systerm_TangDien02\project\results\bed_baseline\outputs\checkpoints\best_model.pt (checkpoint_epoch=21, best_val_f_score=0.011546512922415366)
2026-05-17 00:25:17,803 [INFO] BaselineTraining - epoch=26 train_loss=0.012986 val_cd=0.012268 val_f=0.4865 best_val_f_score=0.486535
2026-05-17 00:26:00,335 [INFO] BaselineTraining - epoch=27 train_loss=0.012747 val_cd=0.012055 val_f=0.4955 best_val_f_score=0.495473
2026-05-17 00:26:41,584 [INFO] BaselineTraining - epoch=28 train_loss=0.012584 val_cd=0.011891 val_f=0.5034 best_val_f_score=0.503415
2026-05-17 00:27:24,951 [INFO] BaselineTraining - epoch=29 train_loss=0.012485 val_cd=0.011712 val_f=0.5017
2026-05-17 00:28:08,454 [INFO] BaselineTraining - epoch=30 train_loss=0.012429 val_cd=0.011669 val_f=0.5050 best_val_f_score=0.505023
2026-05-17 00:28:09,409 [INFO] BaselineTraining - Post-training evaluation on test split.
2026-05-17 00:28:12,649 [INFO] BaselineTraining - Post-training point cloud comparison on test split.
2026-05-17 00:28:13,437 [INFO] BaselineTraining - Saved metrics to C:\Users\pminh\Desktop\MyProject\AI_3D_Reconstruction_Systerm_TangDien02\project\results\bed_baseline\metrics\training_metrics.csv
2026-05-17 00:28:13,437 [INFO] BaselineTraining - Saved checkpoint to C:\Users\pminh\Desktop\MyProject\AI_3D_Reconstruction_Systerm_TangDien02\project\results\bed_baseline\outputs\checkpoints\transformer_pointcloud_net.pt
2026-05-17 00:28:13,438 [INFO] BaselineTraining - Saved best checkpoint to C:\Users\pminh\Desktop\MyProject\AI_3D_Reconstruction_Systerm_TangDien02\project\results\bed_baseline\outputs\checkpoints\best_model.pt (epoch=30, val_f_score=0.505023)
2026-05-17 00:28:13,438 [INFO] BaselineTraining - Saved summary to C:\Users\pminh\Desktop\MyProject\AI_3D_Reconstruction_Systerm_TangDien02\project\results\bed_baseline\outputs\baseline_summary.json
2026-05-17 00:28:13,438 [INFO] BaselineTraining - Saved training curves to C:\Users\pminh\Desktop\MyProject\AI_3D_Reconstruction_Systerm_TangDien02\project\results\bed_baseline\outputs\training_curves.png
