2026-05-16 22:31:11,764 [INFO] BaselineTraining - Starting baseline training on device=cuda
2026-05-16 22:31:11,764 [INFO] BaselineTraining - Output directory: C:\Users\pminh\Desktop\MyProject\AI_3D_Reconstruction_Systerm_TangDien02\project\results\baseline
2026-05-16 22:31:12,139 [INFO] BaselineTraining - Dataset ready: mode=processed split=train categories=chair samples=256
2026-05-16 22:31:12,169 [INFO] BaselineTraining - Train samples: 204 | Val samples: 52
2026-05-16 22:41:02,534 [INFO] BaselineTraining - Starting baseline training on device=cpu
2026-05-16 22:41:02,534 [INFO] BaselineTraining - Output directory: C:\Users\pminh\Desktop\MyProject\AI_3D_Reconstruction_Systerm_TangDien02\project\results\baseline
2026-05-16 22:41:02,888 [INFO] BaselineTraining - Dataset ready: mode=processed split=train categories=chair samples=256
2026-05-16 22:41:02,888 [INFO] BaselineTraining - Train samples: 204 | Val samples: 52
2026-05-16 22:41:04,237 [INFO] BaselineTraining - Resuming from C:\Users\pminh\Desktop\MyProject\AI_3D_Reconstruction_Systerm_TangDien02\project\results\baseline\outputs\checkpoints\best_model.pt (checkpoint_epoch=2, best_val_chamfer_distance=0.015558573116055307)
2026-05-16 22:41:04,237 [INFO] BaselineTraining - Resume checkpoint has no optimizer_state_dict; continuing with a fresh Adam optimizer.
2026-05-16 22:41:24,944 [INFO] BaselineTraining - epoch=3 train_loss=0.017723 val_cd=0.015966 val_f=0.3895
2026-05-16 22:41:48,424 [INFO] BaselineTraining - epoch=4 train_loss=0.016903 val_cd=0.016009 val_f=0.3907
2026-05-16 22:42:12,240 [INFO] BaselineTraining - epoch=5 train_loss=0.016854 val_cd=0.015906 val_f=0.4116
2026-05-16 22:42:35,934 [INFO] BaselineTraining - epoch=6 train_loss=0.016730 val_cd=0.015992 val_f=0.3843
2026-05-16 22:43:02,801 [INFO] BaselineTraining - epoch=7 train_loss=0.016959 val_cd=0.016182 val_f=0.3916
2026-05-16 23:54:46,795 [INFO] BaselineTraining - Starting baseline training on device=cpu
2026-05-16 23:54:46,795 [INFO] BaselineTraining - Output directory: C:\Users\pminh\Desktop\MyProject\AI_3D_Reconstruction_Systerm_TangDien02\project\results\chair_baseline
2026-05-16 23:54:47,131 [INFO] BaselineTraining - Dataset ready: mode=processed split=train categories=chair samples=256
2026-05-16 23:54:47,132 [INFO] BaselineTraining - Train samples: 204 | Val samples: 52
2026-05-16 23:54:48,445 [INFO] BaselineTraining - Resuming from C:\Users\pminh\Desktop\MyProject\AI_3D_Reconstruction_Systerm_TangDien02\project\results\chair_baseline\outputs\checkpoints\best_model.pt (checkpoint_epoch=2, best_val_chamfer_distance=0.015558573116055307)
2026-05-16 23:54:48,445 [INFO] BaselineTraining - Resume checkpoint has no optimizer_state_dict; continuing with a fresh Adam optimizer.
2026-05-16 23:55:06,383 [INFO] BaselineTraining - epoch=3 train_loss=0.017453 val_cd=0.016297 val_f=0.3945
2026-05-16 23:55:28,545 [INFO] BaselineTraining - epoch=4 train_loss=0.016874 val_cd=0.015972 val_f=0.4001
2026-05-16 23:55:49,461 [INFO] BaselineTraining - epoch=5 train_loss=0.016690 val_cd=0.015963 val_f=0.4082
2026-05-16 23:56:12,056 [INFO] BaselineTraining - epoch=6 train_loss=0.016662 val_cd=0.015594 val_f=0.3995
2026-05-16 23:56:30,209 [INFO] BaselineTraining - epoch=7 train_loss=0.016447 val_cd=0.015151 val_f=0.4058 best_val_chamfer_distance=0.015151
2026-05-16 23:56:54,415 [INFO] BaselineTraining - epoch=8 train_loss=0.016609 val_cd=0.015380 val_f=0.4015
2026-05-16 23:57:20,390 [INFO] BaselineTraining - epoch=9 train_loss=0.016402 val_cd=0.015047 val_f=0.4099 best_val_chamfer_distance=0.015047
2026-05-16 23:57:43,674 [INFO] BaselineTraining - epoch=10 train_loss=0.016175 val_cd=0.014898 val_f=0.4086 best_val_chamfer_distance=0.014898
2026-05-16 23:58:03,416 [INFO] BaselineTraining - epoch=11 train_loss=0.016089 val_cd=0.015510 val_f=0.4008
2026-05-16 23:58:20,634 [INFO] BaselineTraining - epoch=12 train_loss=0.016482 val_cd=0.015560 val_f=0.3965
